#
# A fatal error has been detected by the Java Runtime Environment:
#
#  EXCEPTION_ACCESS_VIOLATION (0xc0000005) at pc=0x66651bab, pid=6376, tid=6972
#
# JRE version: 7.0_10-b18
# Java VM: Java HotSpot(TM) Client VM (23.6-b04 mixed mode windows-x86 )
# Problematic frame:
# V  [jvm.dll+0xc1bab]
#
# Failed to write core dump. Minidumps are not enabled by default on client versions of Windows
#
# If you would like to submit a bug report, please visit:
#   http://bugreport.sun.com/bugreport/crash.jsp
#

---------------  T H R E A D  ---------------

Current thread (0x184d1c00):  JavaThread "JDWP Transport Listener: dt_socket" daemon [_thread_in_vm, id=6972, stack(0x19220000,0x19270000)]

siginfo: ExceptionCode=0xc0000005, reading address 0x6261003b

Registers:
EAX=0x6261003b, EBX=0x00000000, ECX=0x6261003b, EDX=0x00000000
ESP=0x1926f52c, EBP=0x1926f530, ESI=0x184d1c00, EDI=0x01f2ede0
EIP=0x66651bab, EFLAGS=0x00010202

Top of Stack: (sp=0x1926f52c)
0x1926f52c:   184d1c00 1926f55c 66775b7a 6261003b
0x1926f53c:   1926f614 1926f597 184d1c00 00000000
0x1926f54c:   00000000 00000000 184d1c00 184d1c00
0x1926f55c:   1926f598 68909d5c 01f2ede0 6261003b
0x1926f56c:   1926f597 6261003b 688f436d 6261003b
0x1926f57c:   1926f597 00000004 00000000 00000000
0x1926f58c:   00000009 00000000 0047379c 1926f5b8
0x1926f59c:   688f44e0 00000001 1926f5d4 1926f610 

Instructions: (pc=0x66651bab)
0x66651b8b:   0c 5f 5e 5d c2 0c 00 cc cc cc cc cc cc cc cc cc
0x66651b9b:   cc cc cc cc cc 55 8b ec 8b 45 08 56 85 c0 74 28
0x66651bab:   8b 30 85 f6 74 22 81 fe fe fe fe fe 74 1a 8b 4e
0x66651bbb:   04 8b 41 08 8b 90 90 00 00 00 83 c1 08 ff d2 84 


Register to memory mapping:

EAX=0x6261003b is an unknown value
EBX=0x00000000 is an unknown value
ECX=0x6261003b is an unknown value
EDX=0x00000000 is an unknown value
ESP=0x1926f52c is pointing into the stack for thread: 0x184d1c00
EBP=0x1926f530 is pointing into the stack for thread: 0x184d1c00
ESI=0x184d1c00 is a thread
EDI=0x01f2ede0 is an unknown value


Stack: [0x19220000,0x19270000],  sp=0x1926f52c,  free space=317k
Native frames: (J=compiled Java code, j=interpreted, Vv=VM code, C=native code)
V  [jvm.dll+0xc1bab]
V  [jvm.dll+0x1e5b7a]
C  [jdwp.dll+0x19d5c]  Agent_OnLoad+0xe9ef
C  [jdwp.dll+0x44e0]
C  [jdwp.dll+0x451e]


---------------  P R O C E S S  ---------------

Java Threads: ( => current thread )
  0x184ef400 JavaThread "Service Thread" daemon [_thread_blocked, id=7616, stack(0x19540000,0x19590000)]
  0x184e9c00 JavaThread "C1 CompilerThread0" daemon [_thread_blocked, id=4768, stack(0x19330000,0x19380000)]
  0x184db800 JavaThread "JDWP Command Reader" daemon [_thread_in_native, id=6484, stack(0x19270000,0x192c0000)]
  0x184dac00 JavaThread "JDWP Event Helper Thread" daemon [_thread_blocked, id=5552, stack(0x005f0000,0x00640000)]
=>0x184d1c00 JavaThread "JDWP Transport Listener: dt_socket" daemon [_thread_in_vm, id=6972, stack(0x19220000,0x19270000)]
  0x184c7800 JavaThread "Attach Listener" daemon [_thread_blocked, id=5448, stack(0x00540000,0x00590000)]
  0x184c4400 JavaThread "Signal Dispatcher" daemon [_thread_blocked, id=6448, stack(0x18aa0000,0x18af0000)]
  0x1846ec00 JavaThread "Finalizer" daemon [_thread_blocked, id=7708, stack(0x188f0000,0x18940000)]
  0x18469400 JavaThread "Reference Handler" daemon [_thread_blocked, id=6584, stack(0x18860000,0x188b0000)]
  0x0042b400 JavaThread "main" [_thread_blocked, id=2628, stack(0x002d0000,0x00320000)]

Other Threads:
  0x18463800 VMThread [stack: 0x187a0000,0x187f0000] [id=5476]
  0x184f9c00 WatcherThread [stack: 0x195a0000,0x195f0000] [id=5356]

VM state:not at safepoint (normal execution)

VM Mutex/Monitor currently owned by a thread: None

Heap
 def new generation   total 4928K, used 546K [0x043b0000, 0x04900000, 0x09900000)
  eden space 4416K,  12% used [0x043b0000, 0x04438970, 0x04800000)
  from space 512K,   0% used [0x04800000, 0x04800000, 0x04880000)
  to   space 512K,   0% used [0x04880000, 0x04880000, 0x04900000)
 tenured generation   total 10944K, used 0K [0x09900000, 0x0a3b0000, 0x143b0000)
   the space 10944K,   0% used [0x09900000, 0x09900000, 0x09900200, 0x0a3b0000)
 compacting perm gen  total 12288K, used 1631K [0x143b0000, 0x14fb0000, 0x183b0000)
   the space 12288K,  13% used [0x143b0000, 0x14547c60, 0x14547e00, 0x14fb0000)
No shared spaces configured.

Card table byte_map: [0x183b0000,0x18460000] byte_map_base: 0x1838e280

Polling page: 0x00130000

Code Cache  [0x023b0000, 0x02448000, 0x043b0000)
 total_blobs=126 nmethods=7 adapters=63 free_code_cache=32188Kb largest_free_block=32960640

Compilation events (10 events):
Event: 0.118 Thread 0x184e9c00    3             java.lang.String::indexOf (70 bytes)
Event: 0.118 Thread 0x184e9c00 nmethod 3 0x0243fec8 code [0x0243ffe0, 0x0244012c]
Event: 0.124 Thread 0x184e9c00    4             java.lang.String::equals (81 bytes)
Event: 0.124 Thread 0x184e9c00 nmethod 4 0x02440288 code [0x024403a0, 0x02440540]
Event: 0.135 Thread 0x184e9c00    5             java.lang.Object::<init> (1 bytes)
Event: 0.135 Thread 0x184e9c00 nmethod 5 0x02440788 code [0x02440880, 0x02440910]
Event: 4.283 Thread 0x184e9c00    6             java.lang.AbstractStringBuilder::ensureCapacityInternal (16 bytes)
Event: 4.283 Thread 0x184e9c00 nmethod 6 0x02440988 code [0x02440a90, 0x02440b4c]
Event: 7.140 Thread 0x184e9c00    7             java.util.regex.Matcher::search (109 bytes)
Event: 7.141 Thread 0x184e9c00 nmethod 7 0x02440bc8 code [0x02440ce0, 0x02440e2c]

GC Heap History (0 events):
No events

Deoptimization events (0 events):
No events

Internal exceptions (2 events):
Event: 0.028 Thread 0x0042b400 Threw 0x043b6060 at C:\jdk7u2_32P\jdk7u10\hotspot\src\share\vm\prims\jni.cpp:3994
Event: 0.119 Thread 0x0042b400 Threw 0x04412fe0 at C:\jdk7u2_32P\jdk7u10\hotspot\src\share\vm\prims\jvm.cpp:1166

Events (10 events):
Event: 13.388 Executing VM operation: GetOrSetLocal
Event: 13.388 Executing VM operation: GetOrSetLocal done
Event: 13.389 Executing VM operation: GetOrSetLocal
Event: 13.389 Executing VM operation: GetOrSetLocal done
Event: 13.461 loading class 0x18486300
Event: 13.461 loading class 0x18486300 done
Event: 13.481 loading class 0x18460ec0
Event: 13.481 loading class 0x18460ec0 done
Event: 237.850 Executing VM operation: RedefineClasses
Event: 237.850 Executing VM operation: RedefineClasses done


Dynamic libraries:
0x00330000 - 0x0035f000 	C:\Program Files (x86)\Java\jre7\bin\javaw.exe
0x77a50000 - 0x77bd0000 	C:\windows\SysWOW64\ntdll.dll
0x76e10000 - 0x76f20000 	C:\windows\syswow64\kernel32.dll
0x759f0000 - 0x75a37000 	C:\windows\syswow64\KERNELBASE.dll
0x75190000 - 0x75230000 	C:\windows\syswow64\ADVAPI32.dll
0x76fc0000 - 0x7706c000 	C:\windows\syswow64\msvcrt.dll
0x75bd0000 - 0x75be9000 	C:\windows\SysWOW64\sechost.dll
0x75470000 - 0x75560000 	C:\windows\syswow64\RPCRT4.dll
0x75130000 - 0x75190000 	C:\windows\syswow64\SspiCli.dll
0x75120000 - 0x7512c000 	C:\windows\syswow64\CRYPTBASE.dll
0x758f0000 - 0x759f0000 	C:\windows\syswow64\USER32.dll
0x755a0000 - 0x75630000 	C:\windows\syswow64\GDI32.dll
0x77a20000 - 0x77a2a000 	C:\windows\syswow64\LPK.dll
0x753d0000 - 0x7546d000 	C:\windows\syswow64\USP10.dll
0x72980000 - 0x72b1e000 	C:\windows\WinSxS\x86_microsoft.windows.common-controls_6595b64144ccf1df_6.0.7601.17514_none_41e6975e2bd6f2b2\COMCTL32.dll
0x75a40000 - 0x75a97000 	C:\windows\syswow64\SHLWAPI.dll
0x75b70000 - 0x75bd0000 	C:\windows\system32\IMM32.DLL
0x756c0000 - 0x7578c000 	C:\windows\syswow64\MSCTF.dll
0x66f10000 - 0x66fcd000 	C:\Program Files (x86)\Java\jre7\bin\msvcr100.dll
0x66590000 - 0x668dc000 	C:\Program Files (x86)\Java\jre7\bin\client\jvm.dll
0x73170000 - 0x73177000 	C:\windows\system32\WSOCK32.dll
0x75b30000 - 0x75b65000 	C:\windows\syswow64\WS2_32.dll
0x75590000 - 0x75596000 	C:\windows\syswow64\NSI.dll
0x72f30000 - 0x72f62000 	C:\windows\system32\WINMM.dll
0x76f20000 - 0x76f25000 	C:\windows\syswow64\PSAPI.DLL
0x66cc0000 - 0x66ccc000 	C:\Program Files (x86)\Java\jre7\bin\verify.dll
0x66c70000 - 0x66c90000 	C:\Program Files (x86)\Java\jre7\bin\java.dll
0x688f0000 - 0x6891a000 	C:\Program Files (x86)\Java\jre7\bin\jdwp.dll
0x746b0000 - 0x746b7000 	C:\Program Files (x86)\Java\jre7\bin\npt.dll
0x66b90000 - 0x66ba3000 	C:\Program Files (x86)\Java\jre7\bin\zip.dll
0x746c0000 - 0x746c8000 	C:\Program Files (x86)\Java\jre7\bin\dt_socket.dll
0x73fd0000 - 0x73fe0000 	C:\windows\system32\NLAapi.dll
0x72640000 - 0x72650000 	C:\windows\system32\napinsp.dll
0x72530000 - 0x72542000 	C:\windows\system32\pnrpnsp.dll
0x72510000 - 0x7251d000 	C:\windows\system32\wshbth.dll
0x73d40000 - 0x73d61000 	C:\Program Files (x86)\Bonjour\mdnsNSP.dll
0x74980000 - 0x7499c000 	C:\windows\system32\Iphlpapi.DLL
0x74970000 - 0x74977000 	C:\windows\system32\WINNSI.DLL
0x72480000 - 0x724bc000 	C:\windows\System32\mswsock.dll
0x74150000 - 0x74194000 	C:\windows\system32\DNSAPI.dll
0x72500000 - 0x72508000 	C:\windows\System32\winrnr.dll
0x73c80000 - 0x73cb8000 	C:\windows\System32\fwpuclnt.dll
0x739f0000 - 0x739f6000 	C:\windows\system32\rasadhlp.dll
0x72470000 - 0x72475000 	C:\windows\System32\wshtcpip.dll
0x69920000 - 0x69a0b000 	C:\windows\system32\dbghelp.dll

VM Arguments:
jvm_args: -agentlib:jdwp=transport=dt_socket,suspend=y,address=localhost:64152 -Dfile.encoding=Cp1252 
java_command: com.googlejam.robert.TicTacToeTomeck
Launcher Type: SUN_STANDARD

Environment Variables:
PATH=C:/Program Files (x86)/Java/jre7/bin/client;C:/Program Files (x86)/Java/jre7/bin;C:/Program Files (x86)/Java/jre7/lib/i386;C:\windows\system32;C:\windows;C:\windows\System32\Wbem;C:\windows\System32\WindowsPowerShell\v1.0\;C:\Program Files\WIDCOMM\Bluetooth Software\;C:\Program Files\WIDCOMM\Bluetooth Software\syswow64;C:\Program Files (x86)\Calibre2\;C:\eclipse;
USERNAME=Robert
OS=Windows_NT
PROCESSOR_IDENTIFIER=Intel64 Family 6 Model 37 Stepping 2, GenuineIntel



---------------  S Y S T E M  ---------------

OS: Windows 7 , 64 bit Build 7601 Service Pack 1

CPU:total 4 (2 cores per cpu, 2 threads per core) family 6 model 37 stepping 2, cmov, cx8, fxsr, mmx, sse, sse2, sse3, ssse3, sse4.1, sse4.2, popcnt, ht, tsc, tscinvbit

Memory: 4k page, physical 4051512k(1174060k free), swap 8101164k(4092748k free)

vm_info: Java HotSpot(TM) Client VM (23.6-b04) for windows-x86 JRE (1.7.0_10-b18), built on Nov 28 2012 08:34:29 by "java_re" with unknown MS VC++:1600

time: Fri Apr 12 20:03:11 2013
elapsed time: 238 seconds

